[0621/083216:ERROR:process_info.cc(608)] range at 0xfffde000, size 0x230 fully unreadable
[0621/083216:ERROR:process_info.cc(608)] range at 0x0, size 0x24 fully unreadable
[0621/083216:ERROR:process_reader_win.cc(232)] ReadMemory at 0x0 of 36 bytes failed: Only part of a ReadProcessMemory or WriteProcessMemory request was completed. (0x12B)
[0621/083216:ERROR:process_snapshot_win.cc(357)] ReadMemory PEB_LDR_DATA
[0621/083216:ERROR:process_reader_win.cc(232)] ReadMemory at 0x0 of 784 bytes failed: Only part of a ReadProcessMemory or WriteProcessMemory request was completed. (0x12B)
[0621/083216:ERROR:process_snapshot_win.cc(380)] ReadMemory RTL_USER_PROCESS_PARAMETERS
[0621/083216:ERROR:process_reader_win.cc(232)] ReadMemory at 0x1380000 of 64 bytes failed: Only part of a ReadProcessMemory or WriteProcessMemory request was completed. (0x12B)
[0621/083216:WARNING:pe_image_reader.cc(280)] could not read dos header from C:\Program Files (x86)\Google\Chrome\Application\chrome.exe
[0621/083216:ERROR:process_reader_win.cc(232)] ReadMemory at 0x779d0000 of 64 bytes failed: Only part of a ReadProcessMemory or WriteProcessMemory request was completed. (0x12B)
[0621/083216:WARNING:pe_image_reader.cc(280)] could not read dos header from C:\WINDOWS\SysWOW64\ntdll.dll
[0621/083216:ERROR:process_reader_win.cc(232)] ReadMemory at 0x758d0000 of 64 bytes failed: Only part of a ReadProcessMemory or WriteProcessMemory request was completed. (0x12B)
[0621/083216:WARNING:pe_image_reader.cc(280)] could not read dos header from C:\WINDOWS\syswow64\KERNELBASE.dll
[0621/083216:ERROR:process_reader_win.cc(232)] ReadMemory at 0x766b0000 of 64 bytes failed: Only part of a ReadProcessMemory or WriteProcessMemory request was completed. (0x12B)
[0621/083216:WARNING:pe_image_reader.cc(280)] could not read dos header from C:\WINDOWS\syswow64\kernel32.dll
[0621/083216:ERROR:process_reader_win.cc(232)] ReadMemory at 0x75410000 of 64 bytes failed: Only part of a ReadProcessMemory or WriteProcessMemory request was completed. (0x12B)
[0621/083216:WARNING:pe_image_reader.cc(280)] could not read dos header from C:\WINDOWS\syswow64\msvcrt.dll
[0621/083216:ERROR:process_reader_win.cc(232)] ReadMemory at 0x75310000 of 64 bytes failed: Only part of a ReadProcessMemory or WriteProcessMemory request was completed. (0x12B)
[0621/083216:WARNING:pe_image_reader.cc(280)] could not read dos header from C:\WINDOWS\syswow64\CRYPTBASE.dll
[0621/083216:ERROR:process_reader_win.cc(232)] ReadMemory at 0x75320000 of 64 bytes failed: Only part of a ReadProcessMemory or WriteProcessMemory request was completed. (0x12B)
[0621/083216:WARNING:pe_image_reader.cc(280)] could not read dos header from C:\WINDOWS\syswow64\SspiCli.dll
[0621/083216:ERROR:process_reader_win.cc(232)] ReadMemory at 0x75ac0000 of 64 bytes failed: Only part of a ReadProcessMemory or WriteProcessMemory request was completed. (0x12B)
[0621/083216:WARNING:pe_image_reader.cc(280)] could not read dos header from C:\WINDOWS\syswow64\RPCRT4.dll
[0621/083216:ERROR:process_reader_win.cc(232)] ReadMemory at 0x754c0000 of 64 bytes failed: Only part of a ReadProcessMemory or WriteProcessMemory request was completed. (0x12B)
[0621/083216:WARNING:pe_image_reader.cc(280)] could not read dos header from C:\WINDOWS\SysWOW64\sechost.dll
[0621/083216:ERROR:process_reader_win.cc(232)] ReadMemory at 0x767c0000 of 64 bytes failed: Only part of a ReadProcessMemory or WriteProcessMemory request was completed. (0x12B)
[0621/083216:WARNING:pe_image_reader.cc(280)] could not read dos header from C:\WINDOWS\syswow64\ADVAPI32.dll
[0621/083216:ERROR:process_reader_win.cc(232)] ReadMemory at 0x57010000 of 64 bytes failed: Only part of a ReadProcessMemory or WriteProcessMemory request was completed. (0x12B)
[0621/083216:WARNING:pe_image_reader.cc(280)] could not read dos header from C:\Program Files (x86)\Google\Chrome\Application\51.0.2704.103\chrome_elf.dll
[0621/083216:ERROR:process_reader_win.cc(232)] ReadMemory at 0x75190000 of 64 bytes failed: Only part of a ReadProcessMemory or WriteProcessMemory request was completed. (0x12B)
[0621/083216:WARNING:pe_image_reader.cc(280)] could not read dos header from C:\WINDOWS\system32\VERSION.dll
[0621/083216:ERROR:process_reader_win.cc(232)] ReadMemory at 0x754e0000 of 64 bytes failed: Only part of a ReadProcessMemory or WriteProcessMemory request was completed. (0x12B)
[0621/083216:WARNING:pe_image_reader.cc(280)] could not read dos header from C:\WINDOWS\syswow64\USP10.dll
[0621/083216:ERROR:process_reader_win.cc(232)] ReadMemory at 0x75ec0000 of 64 bytes failed: Only part of a ReadProcessMemory or WriteProcessMemory request was completed. (0x12B)
[0621/083216:WARNING:pe_image_reader.cc(280)] could not read dos header from C:\WINDOWS\syswow64\LPK.dll
[0621/083216:ERROR:process_reader_win.cc(232)] ReadMemory at 0x768f0000 of 64 bytes failed: Only part of a ReadProcessMemory or WriteProcessMemory request was completed. (0x12B)
[0621/083216:WARNING:pe_image_reader.cc(280)] could not read dos header from C:\WINDOWS\syswow64\GDI32.dll
[0621/083216:ERROR:process_reader_win.cc(232)] ReadMemory at 0x757c0000 of 64 bytes failed: Only part of a ReadProcessMemory or WriteProcessMemory request was completed. (0x12B)
[0621/083216:WARNING:pe_image_reader.cc(280)] could not read dos header from C:\WINDOWS\syswow64\USER32.dll
[0621/083216:ERROR:process_reader_win.cc(232)] ReadMemory at 0x743d0000 of 64 bytes failed: Only part of a ReadProcessMemory or WriteProcessMemory request was completed. (0x12B)
[0621/083216:WARNING:pe_image_reader.cc(280)] could not read dos header from C:\WINDOWS\system32\WINMM.dll
[0621/083216:ERROR:process_reader_win.cc(232)] ReadMemory at 0x75bb0000 of 64 bytes failed: Only part of a ReadProcessMemory or WriteProcessMemory request was completed. (0x12B)
[0621/083216:WARNING:pe_image_reader.cc(280)] could not read dos header from C:\WINDOWS\syswow64\profapi.dll
[0621/083216:ERROR:process_reader_win.cc(232)] ReadMemory at 0x75a60000 of 64 bytes failed: Only part of a ReadProcessMemory or WriteProcessMemory request was completed. (0x12B)
[0621/083216:WARNING:pe_image_reader.cc(280)] could not read dos header from C:\WINDOWS\syswow64\USERENV.dll
[0621/083216:ERROR:process_reader_win.cc(232)] ReadMemory at 0x71700000 of 64 bytes failed: Only part of a ReadProcessMemory or WriteProcessMemory request was completed. (0x12B)
[0621/083216:WARNING:pe_image_reader.cc(280)] could not read dos header from C:\WINDOWS\system32\WTSAPI32.dll
[0621/083216:ERROR:process_reader_win.cc(232)] ReadMemory at 0x6fd30000 of 64 bytes failed: Only part of a ReadProcessMemory or WriteProcessMemory request was completed. (0x12B)
[0621/083216:WARNING:pe_image_reader.cc(280)] could not read dos header from C:\WINDOWS\system32\webio.dll
[0621/083216:ERROR:process_reader_win.cc(232)] ReadMemory at 0x706f0000 of 64 bytes failed: Only part of a ReadProcessMemory or WriteProcessMemory request was completed. (0x12B)
[0621/083216:WARNING:pe_image_reader.cc(280)] could not read dos header from C:\WINDOWS\system32\WINHTTP.dll
[0621/083216:ERROR:process_reader_win.cc(232)] ReadMemory at 0x57000000 of 64 bytes failed: Only part of a ReadProcessMemory or WriteProcessMemory request was completed. (0x12B)
[0621/083216:WARNING:pe_image_reader.cc(280)] could not read dos header from C:\WINDOWS\system32\api-ms-win-core-synch-l1-2-0.DLL
[0621/083216:ERROR:process_reader_win.cc(232)] ReadMemory at 0x76300000 of 64 bytes failed: Only part of a ReadProcessMemory or WriteProcessMemory request was completed. (0x12B)
[0621/083216:WARNING:pe_image_reader.cc(280)] could not read dos header from C:\WINDOWS\syswow64\MSCTF.dll
[0621/083216:ERROR:process_reader_win.cc(232)] ReadMemory at 0x75930000 of 64 bytes failed: Only part of a ReadProcessMemory or WriteProcessMemory request was completed. (0x12B)
[0621/083216:WARNING:pe_image_reader.cc(280)] could not read dos header from C:\WINDOWS\system32\IMM32.DLL
[0621/083216:ERROR:process_reader_win.cc(232)] ReadMemory at 0x76410000 of 64 bytes failed: Only part of a ReadProcessMemory or WriteProcessMemory request was completed. (0x12B)
[0621/083216:WARNING:pe_image_reader.cc(280)] could not read dos header from C:\WINDOWS\syswow64\SHLWAPI.dll
[0621/083216:ERROR:process_reader_win.cc(232)] ReadMemory at 0x76980000 of 64 bytes failed: Only part of a ReadProcessMemory or WriteProcessMemory request was completed. (0x12B)
[0621/083216:WARNING:pe_image_reader.cc(280)] could not read dos header from C:\WINDOWS\syswow64\SHELL32.dll
[0621/083216:ERROR:process_reader_win.cc(232)] ReadMemory at 0x75f60000 of 64 bytes failed: Only part of a ReadProcessMemory or WriteProcessMemory request was completed. (0x12B)
[0621/083216:WARNING:pe_image_reader.cc(280)] could not read dos header from C:\WINDOWS\syswow64\PSAPI.DLL
[0621/083216:ERROR:process_reader_win.cc(232)] ReadMemory at 0x72df0000 of 64 bytes failed: Only part of a ReadProcessMemory or WriteProcessMemory request was completed. (0x12B)
[0621/083216:WARNING:pe_image_reader.cc(280)] could not read dos header from C:\WINDOWS\system32\WINSPOOL.DRV
[0621/083216:ERROR:process_reader_win.cc(232)] ReadMemory at 0x73ba0000 of 64 bytes failed: Only part of a ReadProcessMemory or WriteProcessMemory request was completed. (0x12B)
[0621/083216:WARNING:pe_image_reader.cc(280)] could not read dos header from C:\WINDOWS\WinSxS\x86_microsoft.windows.common-controls_6595b64144ccf1df_6.0.7601.23403_none_2b180b30457f196c\COMCTL32.dll
[0621/083216:ERROR:process_reader_win.cc(232)] ReadMemory at 0x76870000 of 64 bytes failed: Only part of a ReadProcessMemory or WriteProcessMemory request was completed. (0x12B)
[0621/083216:WARNING:pe_image_reader.cc(280)] could not read dos header from C:\WINDOWS\syswow64\COMDLG32.dll
[0621/083216:ERROR:process_reader_win.cc(232)] ReadMemory at 0x75d60000 of 64 bytes failed: Only part of a ReadProcessMemory or WriteProcessMemory request was completed. (0x12B)
[0621/083216:WARNING:pe_image_reader.cc(280)] could not read dos header from C:\WINDOWS\syswow64\ole32.dll
[0621/083216:ERROR:process_reader_win.cc(232)] ReadMemory at 0x75fe0000 of 64 bytes failed: Only part of a ReadProcessMemory or WriteProcessMemory request was completed. (0x12B)
[0621/083216:WARNING:pe_image_reader.cc(280)] could not read dos header from C:\WINDOWS\syswow64\OLEAUT32.dll
[0621/083216:ERROR:process_reader_win.cc(232)] ReadMemory at 0x75580000 of 64 bytes failed: Only part of a ReadProcessMemory or WriteProcessMemory request was completed. (0x12B)
[0621/083216:WARNING:pe_image_reader.cc(280)] could not read dos header from C:\WINDOWS\syswow64\NSI.dll
[0621/083216:ERROR:process_reader_win.cc(232)] ReadMemory at 0x73d40000 of 64 bytes failed: Only part of a ReadProcessMemory or WriteProcessMemory request was completed. (0x12B)
[0621/083216:WARNING:pe_image_reader.cc(280)] could not read dos header from C:\WINDOWS\system32\WINNSI.DLL
[0621/083216:ERROR:process_reader_win.cc(232)] ReadMemory at 0x73d50000 of 64 bytes failed: Only part of a ReadProcessMemory or WriteProcessMemory request was completed. (0x12B)
[0621/083216:WARNING:pe_image_reader.cc(280)] could not read dos header from C:\WINDOWS\system32\IPHLPAPI.DLL
[0621/083216:ERROR:process_reader_win.cc(232)] ReadMemory at 0x75ed0000 of 64 bytes failed: Only part of a ReadProcessMemory or WriteProcessMemory request was completed. (0x12B)
[0621/083216:WARNING:pe_image_reader.cc(280)] could not read dos header from C:\WINDOWS\syswow64\WS2_32.dll
[0621/083216:ERROR:process_reader_win.cc(232)] ReadMemory at 0x75f70000 of 64 bytes failed: Only part of a ReadProcessMemory or WriteProcessMemory request was completed. (0x12B)
[0621/083216:WARNING:pe_image_reader.cc(280)] could not read dos header from C:\WINDOWS\syswow64\MSASN1.dll
[0621/083216:ERROR:process_reader_win.cc(232)] ReadMemory at 0x76070000 of 64 bytes failed: Only part of a ReadProcessMemory or WriteProcessMemory request was completed. (0x12B)
[0621/083216:WARNING:pe_image_reader.cc(280)] could not read dos header from C:\WINDOWS\syswow64\CRYPT32.dll
[0621/083216:ERROR:process_reader_win.cc(232)] ReadMemory at 0x763d0000 of 64 bytes failed: Only part of a ReadProcessMemory or WriteProcessMemory request was completed. (0x12B)
[0621/083216:WARNING:pe_image_reader.cc(280)] could not read dos header from C:\WINDOWS\syswow64\WINTRUST.dll
[0621/083216:ERROR:process_reader_win.cc(232)] ReadMemory at 0x72b90000 of 64 bytes failed: Only part of a ReadProcessMemory or WriteProcessMemory request was completed. (0x12B)
[0621/083216:WARNING:pe_image_reader.cc(280)] could not read dos header from C:\WINDOWS\system32\Secur32.dll
[0621/083216:ERROR:process_reader_win.cc(232)] ReadMemory at 0x51850000 of 64 bytes failed: Only part of a ReadProcessMemory or WriteProcessMemory request was completed. (0x12B)
[0621/083216:WARNING:pe_image_reader.cc(280)] could not read dos header from C:\Program Files (x86)\Google\Chrome\Application\51.0.2704.103\chrome_child.dll
[0621/083216:ERROR:process_reader_win.cc(232)] ReadMemory at 0x69d70000 of 64 bytes failed: Only part of a ReadProcessMemory or WriteProcessMemory request was completed. (0x12B)
[0621/083216:WARNING:pe_image_reader.cc(280)] could not read dos header from C:\WINDOWS\system32\dwrite.dll
[0621/083216:ERROR:process_reader_win.cc(232)] ReadMemory at 0x77ad5120 of 5888 bytes failed: Only part of a ReadProcessMemory or WriteProcessMemory request was completed. (0x12B)
[0621/083216:ERROR:process_reader_win.cc(232)] ReadMemory at 0x1380000 of 64 bytes failed: Only part of a ReadProcessMemory or WriteProcessMemory request was completed. (0x12B)
[0621/083216:WARNING:pe_image_reader.cc(280)] could not read dos header from C:\Program Files (x86)\Google\Chrome\Application\chrome.exe
[0621/083216:ERROR:process_reader_win.cc(232)] ReadMemory at 0x779d0000 of 64 bytes failed: Only part of a ReadProcessMemory or WriteProcessMemory request was completed. (0x12B)
[0621/083216:WARNING:pe_image_reader.cc(280)] could not read dos header from C:\WINDOWS\SysWOW64\ntdll.dll
[0621/083216:ERROR:process_reader_win.cc(232)] ReadMemory at 0x758d0000 of 64 bytes failed: Only part of a ReadProcessMemory or WriteProcessMemory request was completed. (0x12B)
[0621/083216:WARNING:pe_image_reader.cc(280)] could not read dos header from C:\WINDOWS\syswow64\KERNELBASE.dll
[0621/083216:ERROR:process_reader_win.cc(232)] ReadMemory at 0x766b0000 of 64 bytes failed: Only part of a ReadProcessMemory or WriteProcessMemory request was completed. (0x12B)
[0621/083216:WARNING:pe_image_reader.cc(280)] could not read dos header from C:\WINDOWS\syswow64\kernel32.dll
[0621/083216:ERROR:process_reader_win.cc(232)] ReadMemory at 0x75410000 of 64 bytes failed: Only part of a ReadProcessMemory or WriteProcessMemory request was completed. (0x12B)
[0621/083216:WARNING:pe_image_reader.cc(280)] could not read dos header from C:\WINDOWS\syswow64\msvcrt.dll
[0621/083216:ERROR:process_reader_win.cc(232)] ReadMemory at 0x75310000 of 64 bytes failed: Only part of a ReadProcessMemory or WriteProcessMemory request was completed. (0x12B)
[0621/083216:WARNING:pe_image_reader.cc(280)] could not read dos header from C:\WINDOWS\syswow64\CRYPTBASE.dll
[0621/083216:ERROR:process_reader_win.cc(232)] ReadMemory at 0x75320000 of 64 bytes failed: Only part of a ReadProcessMemory or WriteProcessMemory request was completed. (0x12B)
[0621/083216:WARNING:pe_image_reader.cc(280)] could not read dos header from C:\WINDOWS\syswow64\SspiCli.dll
[0621/083216:ERROR:process_reader_win.cc(232)] ReadMemory at 0x75ac0000 of 64 bytes failed: Only part of a ReadProcessMemory or WriteProcessMemory request was completed. (0x12B)
[0621/083216:WARNING:pe_image_reader.cc(280)] could not read dos header from C:\WINDOWS\syswow64\RPCRT4.dll
[0621/083216:ERROR:process_reader_win.cc(232)] ReadMemory at 0x754c0000 of 64 bytes failed: Only part of a ReadProcessMemory or WriteProcessMemory request was completed. (0x12B)
[0621/083216:WARNING:pe_image_reader.cc(280)] could not read dos header from C:\WINDOWS\SysWOW64\sechost.dll
[0621/083216:ERROR:process_reader_win.cc(232)] ReadMemory at 0x767c0000 of 64 bytes failed: Only part of a ReadProcessMemory or WriteProcessMemory request was completed. (0x12B)
[0621/083216:WARNING:pe_image_reader.cc(280)] could not read dos header from C:\WINDOWS\syswow64\ADVAPI32.dll
[0621/083216:ERROR:process_reader_win.cc(232)] ReadMemory at 0x57010000 of 64 bytes failed: Only part of a ReadProcessMemory or WriteProcessMemory request was completed. (0x12B)
[0621/083216:WARNING:pe_image_reader.cc(280)] could not read dos header from C:\Program Files (x86)\Google\Chrome\Application\51.0.2704.103\chrome_elf.dll
[0621/083216:ERROR:process_reader_win.cc(232)] ReadMemory at 0x75190000 of 64 bytes failed: Only part of a ReadProcessMemory or WriteProcessMemory request was completed. (0x12B)
[0621/083216:WARNING:pe_image_reader.cc(280)] could not read dos header from C:\WINDOWS\system32\VERSION.dll
[0621/083216:ERROR:process_reader_win.cc(232)] ReadMemory at 0x754e0000 of 64 bytes failed: Only part of a ReadProcessMemory or WriteProcessMemory request was completed. (0x12B)
[0621/083216:WARNING:pe_image_reader.cc(280)] could not read dos header from C:\WINDOWS\syswow64\USP10.dll
[0621/083216:ERROR:process_reader_win.cc(232)] ReadMemory at 0x75ec0000 of 64 bytes failed: Only part of a ReadProcessMemory or WriteProcessMemory request was completed. (0x12B)
[0621/083216:WARNING:pe_image_reader.cc(280)] could not read dos header from C:\WINDOWS\syswow64\LPK.dll
[0621/083216:ERROR:process_reader_win.cc(232)] ReadMemory at 0x768f0000 of 64 bytes failed: Only part of a ReadProcessMemory or WriteProcessMemory request was completed. (0x12B)
[0621/083216:WARNING:pe_image_reader.cc(280)] could not read dos header from C:\WINDOWS\syswow64\GDI32.dll
[0621/083216:ERROR:process_reader_win.cc(232)] ReadMemory at 0x757c0000 of 64 bytes failed: Only part of a ReadProcessMemory or WriteProcessMemory request was completed. (0x12B)
[0621/083216:WARNING:pe_image_reader.cc(280)] could not read dos header from C:\WINDOWS\syswow64\USER32.dll
[0621/083216:ERROR:process_reader_win.cc(232)] ReadMemory at 0x743d0000 of 64 bytes failed: Only part of a ReadProcessMemory or WriteProcessMemory request was completed. (0x12B)
[0621/083216:WARNING:pe_image_reader.cc(280)] could not read dos header from C:\WINDOWS\system32\WINMM.dll
[0621/083216:ERROR:process_reader_win.cc(232)] ReadMemory at 0x75bb0000 of 64 bytes failed: Only part of a ReadProcessMemory or WriteProcessMemory request was completed. (0x12B)
[0621/083216:WARNING:pe_image_reader.cc(280)] could not read dos header from C:\WINDOWS\syswow64\profapi.dll
[0621/083216:ERROR:process_reader_win.cc(232)] ReadMemory at 0x75a60000 of 64 bytes failed: Only part of a ReadProcessMemory or WriteProcessMemory request was completed. (0x12B)
[0621/083216:WARNING:pe_image_reader.cc(280)] could not read dos header from C:\WINDOWS\syswow64\USERENV.dll
[0621/083216:ERROR:process_reader_win.cc(232)] ReadMemory at 0x71700000 of 64 bytes failed: Only part of a ReadProcessMemory or WriteProcessMemory request was completed. (0x12B)
[0621/083216:WARNING:pe_image_reader.cc(280)] could not read dos header from C:\WINDOWS\system32\WTSAPI32.dll
[0621/083216:ERROR:process_reader_win.cc(232)] ReadMemory at 0x6fd30000 of 64 bytes failed: Only part of a ReadProcessMemory or WriteProcessMemory request was completed. (0x12B)
[0621/083216:WARNING:pe_image_reader.cc(280)] could not read dos header from C:\WINDOWS\system32\webio.dll
[0621/083216:ERROR:process_reader_win.cc(232)] ReadMemory at 0x706f0000 of 64 bytes failed: Only part of a ReadProcessMemory or WriteProcessMemory request was completed. (0x12B)
[0621/083216:WARNING:pe_image_reader.cc(280)] could not read dos header from C:\WINDOWS\system32\WINHTTP.dll
[0621/083216:ERROR:process_reader_win.cc(232)] ReadMemory at 0x57000000 of 64 bytes failed: Only part of a ReadProcessMemory or WriteProcessMemory request was completed. (0x12B)
[0621/083216:WARNING:pe_image_reader.cc(280)] could not read dos header from C:\WINDOWS\system32\api-ms-win-core-synch-l1-2-0.DLL
[0621/083216:ERROR:process_reader_win.cc(232)] ReadMemory at 0x76300000 of 64 bytes failed: Only part of a ReadProcessMemory or WriteProcessMemory request was completed. (0x12B)
[0621/083216:WARNING:pe_image_reader.cc(280)] could not read dos header from C:\WINDOWS\syswow64\MSCTF.dll
[0621/083216:ERROR:process_reader_win.cc(232)] ReadMemory at 0x75930000 of 64 bytes failed: Only part of a ReadProcessMemory or WriteProcessMemory request was completed. (0x12B)
[0621/083216:WARNING:pe_image_reader.cc(280)] could not read dos header from C:\WINDOWS\system32\IMM32.DLL
[0621/083216:ERROR:process_reader_win.cc(232)] ReadMemory at 0x76410000 of 64 bytes failed: Only part of a ReadProcessMemory or WriteProcessMemory request was completed. (0x12B)
[0621/083216:WARNING:pe_image_reader.cc(280)] could not read dos header from C:\WINDOWS\syswow64\SHLWAPI.dll
[0621/083216:ERROR:process_reader_win.cc(232)] ReadMemory at 0x76980000 of 64 bytes failed: Only part of a ReadProcessMemory or WriteProcessMemory request was completed. (0x12B)
[0621/083216:WARNING:pe_image_reader.cc(280)] could not read dos header from C:\WINDOWS\syswow64\SHELL32.dll
[0621/083216:ERROR:process_reader_win.cc(232)] ReadMemory at 0x75f60000 of 64 bytes failed: Only part of a ReadProcessMemory or WriteProcessMemory request was completed. (0x12B)
[0621/083216:WARNING:pe_image_reader.cc(280)] could not read dos header from C:\WINDOWS\syswow64\PSAPI.DLL
[0621/083216:ERROR:process_reader_win.cc(232)] ReadMemory at 0x72df0000 of 64 bytes failed: Only part of a ReadProcessMemory or WriteProcessMemory request was completed. (0x12B)
[0621/083216:WARNING:pe_image_reader.cc(280)] could not read dos header from C:\WINDOWS\system32\WINSPOOL.DRV
[0621/083216:ERROR:process_reader_win.cc(232)] ReadMemory at 0x73ba0000 of 64 bytes failed: Only part of a ReadProcessMemory or WriteProcessMemory request was completed. (0x12B)
[0621/083216:WARNING:pe_image_reader.cc(280)] could not read dos header from C:\WINDOWS\WinSxS\x86_microsoft.windows.common-controls_6595b64144ccf1df_6.0.7601.23403_none_2b180b30457f196c\COMCTL32.dll
[0621/083216:ERROR:process_reader_win.cc(232)] ReadMemory at 0x76870000 of 64 bytes failed: Only part of a ReadProcessMemory or WriteProcessMemory request was completed. (0x12B)
[0621/083216:WARNING:pe_image_reader.cc(280)] could not read dos header from C:\WINDOWS\syswow64\COMDLG32.dll
[0621/083216:ERROR:process_reader_win.cc(232)] ReadMemory at 0x75d60000 of 64 bytes failed: Only part of a ReadProcessMemory or WriteProcessMemory request was completed. (0x12B)
[0621/083216:WARNING:pe_image_reader.cc(280)] could not read dos header from C:\WINDOWS\syswow64\ole32.dll
[0621/083216:ERROR:process_reader_win.cc(232)] ReadMemory at 0x75fe0000 of 64 bytes failed: Only part of a ReadProcessMemory or WriteProcessMemory request was completed. (0x12B)
[0621/083216:WARNING:pe_image_reader.cc(280)] could not read dos header from C:\WINDOWS\syswow64\OLEAUT32.dll
[0621/083216:ERROR:process_reader_win.cc(232)] ReadMemory at 0x75580000 of 64 bytes failed: Only part of a ReadProcessMemory or WriteProcessMemory request was completed. (0x12B)
[0621/083216:WARNING:pe_image_reader.cc(280)] could not read dos header from C:\WINDOWS\syswow64\NSI.dll
[0621/083216:ERROR:process_reader_win.cc(232)] ReadMemory at 0x73d40000 of 64 bytes failed: Only part of a ReadProcessMemory or WriteProcessMemory request was completed. (0x12B)
[0621/083216:WARNING:pe_image_reader.cc(280)] could not read dos header from C:\WINDOWS\system32\WINNSI.DLL
[0621/083216:ERROR:process_reader_win.cc(232)] ReadMemory at 0x73d50000 of 64 bytes failed: Only part of a ReadProcessMemory or WriteProcessMemory request was completed. (0x12B)
[0621/083216:WARNING:pe_image_reader.cc(280)] could not read dos header from C:\WINDOWS\system32\IPHLPAPI.DLL
[0621/083216:ERROR:process_reader_win.cc(232)] ReadMemory at 0x75ed0000 of 64 bytes failed: Only part of a ReadProcessMemory or WriteProcessMemory request was completed. (0x12B)
[0621/083216:WARNING:pe_image_reader.cc(280)] could not read dos header from C:\WINDOWS\syswow64\WS2_32.dll
[0621/083216:ERROR:process_reader_win.cc(232)] ReadMemory at 0x75f70000 of 64 bytes failed: Only part of a ReadProcessMemory or WriteProcessMemory request was completed. (0x12B)
[0621/083216:WARNING:pe_image_reader.cc(280)] could not read dos header from C:\WINDOWS\syswow64\MSASN1.dll
[0621/083216:ERROR:process_reader_win.cc(232)] ReadMemory at 0x76070000 of 64 bytes failed: Only part of a ReadProcessMemory or WriteProcessMemory request was completed. (0x12B)
[0621/083216:WARNING:pe_image_reader.cc(280)] could not read dos header from C:\WINDOWS\syswow64\CRYPT32.dll
[0621/083216:ERROR:process_reader_win.cc(232)] ReadMemory at 0x763d0000 of 64 bytes failed: Only part of a ReadProcessMemory or WriteProcessMemory request was completed. (0x12B)
[0621/083216:WARNING:pe_image_reader.cc(280)] could not read dos header from C:\WINDOWS\syswow64\WINTRUST.dll
[0621/083216:ERROR:process_reader_win.cc(232)] ReadMemory at 0x72b90000 of 64 bytes failed: Only part of a ReadProcessMemory or WriteProcessMemory request was completed. (0x12B)
[0621/083216:WARNING:pe_image_reader.cc(280)] could not read dos header from C:\WINDOWS\system32\Secur32.dll
[0621/083216:ERROR:process_reader_win.cc(232)] ReadMemory at 0x51850000 of 64 bytes failed: Only part of a ReadProcessMemory or WriteProcessMemory request was completed. (0x12B)
[0621/083216:WARNING:pe_image_reader.cc(280)] could not read dos header from C:\Program Files (x86)\Google\Chrome\Application\51.0.2704.103\chrome_child.dll
[0621/083216:ERROR:process_reader_win.cc(232)] ReadMemory at 0x69d70000 of 64 bytes failed: Only part of a ReadProcessMemory or WriteProcessMemory request was completed. (0x12B)
[0621/083216:WARNING:pe_image_reader.cc(280)] could not read dos header from C:\WINDOWS\system32\dwrite.dll
[0621/083216:ERROR:process_reader_win.cc(98)] process 5184 not found
[0621/083216:ERROR:process_reader_win.cc(232)] ReadMemory at 0x1380000 of 64 bytes failed: Only part of a ReadProcessMemory or WriteProcessMemory request was completed. (0x12B)
[0621/083216:WARNING:pe_image_reader.cc(280)] could not read dos header from C:\Program Files (x86)\Google\Chrome\Application\chrome.exe
[0621/083216:ERROR:process_reader_win.cc(232)] ReadMemory at 0x779d0000 of 64 bytes failed: Only part of a ReadProcessMemory or WriteProcessMemory request was completed. (0x12B)
[0621/083216:WARNING:pe_image_reader.cc(280)] could not read dos header from C:\WINDOWS\SysWOW64\ntdll.dll
[0621/083216:ERROR:process_reader_win.cc(232)] ReadMemory at 0x758d0000 of 64 bytes failed: Only part of a ReadProcessMemory or WriteProcessMemory request was completed. (0x12B)
[0621/083216:WARNING:pe_image_reader.cc(280)] could not read dos header from C:\WINDOWS\syswow64\KERNELBASE.dll
[0621/083216:ERROR:process_reader_win.cc(232)] ReadMemory at 0x766b0000 of 64 bytes failed: Only part of a ReadProcessMemory or WriteProcessMemory request was completed. (0x12B)
[0621/083216:WARNING:pe_image_reader.cc(280)] could not read dos header from C:\WINDOWS\syswow64\kernel32.dll
[0621/083216:ERROR:process_reader_win.cc(232)] ReadMemory at 0x75410000 of 64 bytes failed: Only part of a ReadProcessMemory or WriteProcessMemory request was completed. (0x12B)
[0621/083216:WARNING:pe_image_reader.cc(280)] could not read dos header from C:\WINDOWS\syswow64\msvcrt.dll
[0621/083216:ERROR:process_reader_win.cc(232)] ReadMemory at 0x75310000 of 64 bytes failed: Only part of a ReadProcessMemory or WriteProcessMemory request was completed. (0x12B)
[0621/083216:WARNING:pe_image_reader.cc(280)] could not read dos header from C:\WINDOWS\syswow64\CRYPTBASE.dll
[0621/083216:ERROR:process_reader_win.cc(232)] ReadMemory at 0x75320000 of 64 bytes failed: Only part of a ReadProcessMemory or WriteProcessMemory request was completed. (0x12B)
[0621/083216:WARNING:pe_image_reader.cc(280)] could not read dos header from C:\WINDOWS\syswow64\SspiCli.dll
[0621/083216:ERROR:process_reader_win.cc(232)] ReadMemory at 0x75ac0000 of 64 bytes failed: Only part of a ReadProcessMemory or WriteProcessMemory request was completed. (0x12B)
[0621/083216:WARNING:pe_image_reader.cc(280)] could not read dos header from C:\WINDOWS\syswow64\RPCRT4.dll
[0621/083216:ERROR:process_reader_win.cc(232)] ReadMemory at 0x754c0000 of 64 bytes failed: Only part of a ReadProcessMemory or WriteProcessMemory request was completed. (0x12B)
[0621/083216:WARNING:pe_image_reader.cc(280)] could not read dos header from C:\WINDOWS\SysWOW64\sechost.dll
[0621/083216:ERROR:process_reader_win.cc(232)] ReadMemory at 0x767c0000 of 64 bytes failed: Only part of a ReadProcessMemory or WriteProcessMemory request was completed. (0x12B)
[0621/083216:WARNING:pe_image_reader.cc(280)] could not read dos header from C:\WINDOWS\syswow64\ADVAPI32.dll
[0621/083216:ERROR:process_reader_win.cc(232)] ReadMemory at 0x57010000 of 64 bytes failed: Only part of a ReadProcessMemory or WriteProcessMemory request was completed. (0x12B)
[0621/083216:WARNING:pe_image_reader.cc(280)] could not read dos header from C:\Program Files (x86)\Google\Chrome\Application\51.0.2704.103\chrome_elf.dll
[0621/083216:ERROR:process_reader_win.cc(232)] ReadMemory at 0x75190000 of 64 bytes failed: Only part of a ReadProcessMemory or WriteProcessMemory request was completed. (0x12B)
[0621/083216:WARNING:pe_image_reader.cc(280)] could not read dos header from C:\WINDOWS\system32\VERSION.dll
[0621/083216:ERROR:process_reader_win.cc(232)] ReadMemory at 0x754e0000 of 64 bytes failed: Only part of a ReadProcessMemory or WriteProcessMemory request was completed. (0x12B)
[0621/083216:WARNING:pe_image_reader.cc(280)] could not read dos header from C:\WINDOWS\syswow64\USP10.dll
[0621/083216:ERROR:process_reader_win.cc(232)] ReadMemory at 0x75ec0000 of 64 bytes failed: Only part of a ReadProcessMemory or WriteProcessMemory request was completed. (0x12B)
[0621/083216:WARNING:pe_image_reader.cc(280)] could not read dos header from C:\WINDOWS\syswow64\LPK.dll
[0621/083216:ERROR:process_reader_win.cc(232)] ReadMemory at 0x768f0000 of 64 bytes failed: Only part of a ReadProcessMemory or WriteProcessMemory request was completed. (0x12B)
[0621/083216:WARNING:pe_image_reader.cc(280)] could not read dos header from C:\WINDOWS\syswow64\GDI32.dll
[0621/083216:ERROR:process_reader_win.cc(232)] ReadMemory at 0x757c0000 of 64 bytes failed: Only part of a ReadProcessMemory or WriteProcessMemory request was completed. (0x12B)
[0621/083216:WARNING:pe_image_reader.cc(280)] could not read dos header from C:\WINDOWS\syswow64\USER32.dll
[0621/083216:ERROR:process_reader_win.cc(232)] ReadMemory at 0x743d0000 of 64 bytes failed: Only part of a ReadProcessMemory or WriteProcessMemory request was completed. (0x12B)
[0621/083216:WARNING:pe_image_reader.cc(280)] could not read dos header from C:\WINDOWS\system32\WINMM.dll
[0621/083216:ERROR:process_reader_win.cc(232)] ReadMemory at 0x75bb0000 of 64 bytes failed: Only part of a ReadProcessMemory or WriteProcessMemory request was completed. (0x12B)
[0621/083216:WARNING:pe_image_reader.cc(280)] could not read dos header from C:\WINDOWS\syswow64\profapi.dll
[0621/083216:ERROR:process_reader_win.cc(232)] ReadMemory at 0x75a60000 of 64 bytes failed: Only part of a ReadProcessMemory or WriteProcessMemory request was completed. (0x12B)
[0621/083216:WARNING:pe_image_reader.cc(280)] could not read dos header from C:\WINDOWS\syswow64\USERENV.dll
[0621/083216:ERROR:process_reader_win.cc(232)] ReadMemory at 0x71700000 of 64 bytes failed: Only part of a ReadProcessMemory or WriteProcessMemory request was completed. (0x12B)
[0621/083216:WARNING:pe_image_reader.cc(280)] could not read dos header from C:\WINDOWS\system32\WTSAPI32.dll
[0621/083216:ERROR:process_reader_win.cc(232)] ReadMemory at 0x6fd30000 of 64 bytes failed: Only part of a ReadProcessMemory or WriteProcessMemory request was completed. (0x12B)
[0621/083216:WARNING:pe_image_reader.cc(280)] could not read dos header from C:\WINDOWS\system32\webio.dll
[0621/083216:ERROR:process_reader_win.cc(232)] ReadMemory at 0x706f0000 of 64 bytes failed: Only part of a ReadProcessMemory or WriteProcessMemory request was completed. (0x12B)
[0621/083216:WARNING:pe_image_reader.cc(280)] could not read dos header from C:\WINDOWS\system32\WINHTTP.dll
[0621/083216:ERROR:process_reader_win.cc(232)] ReadMemory at 0x57000000 of 64 bytes failed: Only part of a ReadProcessMemory or WriteProcessMemory request was completed. (0x12B)
[0621/083216:WARNING:pe_image_reader.cc(280)] could not read dos header from C:\WINDOWS\system32\api-ms-win-core-synch-l1-2-0.DLL
[0621/083216:ERROR:process_reader_win.cc(232)] ReadMemory at 0x76300000 of 64 bytes failed: Only part of a ReadProcessMemory or WriteProcessMemory request was completed. (0x12B)
[0621/083216:WARNING:pe_image_reader.cc(280)] could not read dos header from C:\WINDOWS\syswow64\MSCTF.dll
[0621/083216:ERROR:process_reader_win.cc(232)] ReadMemory at 0x75930000 of 64 bytes failed: Only part of a ReadProcessMemory or WriteProcessMemory request was completed. (0x12B)
[0621/083216:WARNING:pe_image_reader.cc(280)] could not read dos header from C:\WINDOWS\system32\IMM32.DLL
[0621/083216:ERROR:process_reader_win.cc(232)] ReadMemory at 0x76410000 of 64 bytes failed: Only part of a ReadProcessMemory or WriteProcessMemory request was completed. (0x12B)
[0621/083216:WARNING:pe_image_reader.cc(280)] could not read dos header from C:\WINDOWS\syswow64\SHLWAPI.dll
[0621/083216:ERROR:process_reader_win.cc(232)] ReadMemory at 0x76980000 of 64 bytes failed: Only part of a ReadProcessMemory or WriteProcessMemory request was completed. (0x12B)
[0621/083216:WARNING:pe_image_reader.cc(280)] could not read dos header from C:\WINDOWS\syswow64\SHELL32.dll
[0621/083216:ERROR:process_reader_win.cc(232)] ReadMemory at 0x75f60000 of 64 bytes failed: Only part of a ReadProcessMemory or WriteProcessMemory request was completed. (0x12B)
[0621/083216:WARNING:pe_image_reader.cc(280)] could not read dos header from C:\WINDOWS\syswow64\PSAPI.DLL
[0621/083216:ERROR:process_reader_win.cc(232)] ReadMemory at 0x72df0000 of 64 bytes failed: Only part of a ReadProcessMemory or WriteProcessMemory request was completed. (0x12B)
[0621/083216:WARNING:pe_image_reader.cc(280)] could not read dos header from C:\WINDOWS\system32\WINSPOOL.DRV
[0621/083216:ERROR:process_reader_win.cc(232)] ReadMemory at 0x73ba0000 of 64 bytes failed: Only part of a ReadProcessMemory or WriteProcessMemory request was completed. (0x12B)
[0621/083216:WARNING:pe_image_reader.cc(280)] could not read dos header from C:\WINDOWS\WinSxS\x86_microsoft.windows.common-controls_6595b64144ccf1df_6.0.7601.23403_none_2b180b30457f196c\COMCTL32.dll
[0621/083216:ERROR:process_reader_win.cc(232)] ReadMemory at 0x76870000 of 64 bytes failed: Only part of a ReadProcessMemory or WriteProcessMemory request was completed. (0x12B)
[0621/083216:WARNING:pe_image_reader.cc(280)] could not read dos header from C:\WINDOWS\syswow64\COMDLG32.dll
[0621/083216:ERROR:process_reader_win.cc(232)] ReadMemory at 0x75d60000 of 64 bytes failed: Only part of a ReadProcessMemory or WriteProcessMemory request was completed. (0x12B)
[0621/083216:WARNING:pe_image_reader.cc(280)] could not read dos header from C:\WINDOWS\syswow64\ole32.dll
[0621/083216:ERROR:process_reader_win.cc(232)] ReadMemory at 0x75fe0000 of 64 bytes failed: Only part of a ReadProcessMemory or WriteProcessMemory request was completed. (0x12B)
[0621/083216:WARNING:pe_image_reader.cc(280)] could not read dos header from C:\WINDOWS\syswow64\OLEAUT32.dll
[0621/083216:ERROR:process_reader_win.cc(232)] ReadMemory at 0x75580000 of 64 bytes failed: Only part of a ReadProcessMemory or WriteProcessMemory request was completed. (0x12B)
[0621/083216:WARNING:pe_image_reader.cc(280)] could not read dos header from C:\WINDOWS\syswow64\NSI.dll
[0621/083216:ERROR:process_reader_win.cc(232)] ReadMemory at 0x73d40000 of 64 bytes failed: Only part of a ReadProcessMemory or WriteProcessMemory request was completed. (0x12B)
[0621/083216:WARNING:pe_image_reader.cc(280)] could not read dos header from C:\WINDOWS\system32\WINNSI.DLL
[0621/083216:ERROR:process_reader_win.cc(232)] ReadMemory at 0x73d50000 of 64 bytes failed: Only part of a ReadProcessMemory or WriteProcessMemory request was completed. (0x12B)
[0621/083216:WARNING:pe_image_reader.cc(280)] could not read dos header from C:\WINDOWS\system32\IPHLPAPI.DLL
[0621/083216:ERROR:process_reader_win.cc(232)] ReadMemory at 0x75ed0000 of 64 bytes failed: Only part of a ReadProcessMemory or WriteProcessMemory request was completed. (0x12B)
[0621/083216:WARNING:pe_image_reader.cc(280)] could not read dos header from C:\WINDOWS\syswow64\WS2_32.dll
[0621/083216:ERROR:process_reader_win.cc(232)] ReadMemory at 0x75f70000 of 64 bytes failed: Only part of a ReadProcessMemory or WriteProcessMemory request was completed. (0x12B)
[0621/083216:WARNING:pe_image_reader.cc(280)] could not read dos header from C:\WINDOWS\syswow64\MSASN1.dll
[0621/083216:ERROR:process_reader_win.cc(232)] ReadMemory at 0x76070000 of 64 bytes failed: Only part of a ReadProcessMemory or WriteProcessMemory request was completed. (0x12B)
[0621/083216:WARNING:pe_image_reader.cc(280)] could not read dos header from C:\WINDOWS\syswow64\CRYPT32.dll
[0621/083216:ERROR:process_reader_win.cc(232)] ReadMemory at 0x763d0000 of 64 bytes failed: Only part of a ReadProcessMemory or WriteProcessMemory request was completed. (0x12B)
[0621/083216:WARNING:pe_image_reader.cc(280)] could not read dos header from C:\WINDOWS\syswow64\WINTRUST.dll
[0621/083216:ERROR:process_reader_win.cc(232)] ReadMemory at 0x72b90000 of 64 bytes failed: Only part of a ReadProcessMemory or WriteProcessMemory request was completed. (0x12B)
[0621/083216:WARNING:pe_image_reader.cc(280)] could not read dos header from C:\WINDOWS\system32\Secur32.dll
[0621/083216:ERROR:process_reader_win.cc(232)] ReadMemory at 0x51850000 of 64 bytes failed: Only part of a ReadProcessMemory or WriteProcessMemory request was completed. (0x12B)
[0621/083216:WARNING:pe_image_reader.cc(280)] could not read dos header from C:\Program Files (x86)\Google\Chrome\Application\51.0.2704.103\chrome_child.dll
[0621/083216:ERROR:process_reader_win.cc(232)] ReadMemory at 0x69d70000 of 64 bytes failed: Only part of a ReadProcessMemory or WriteProcessMemory request was completed. (0x12B)
[0621/083216:WARNING:pe_image_reader.cc(280)] could not read dos header from C:\WINDOWS\system32\dwrite.dll
[0621/083216:ERROR:process_reader_win.cc(232)] ReadMemory at 0x143c374 of 12 bytes failed: Only part of a ReadProcessMemory or WriteProcessMemory request was completed. (0x12B)
[0621/083216:WARNING:process_snapshot_win.cc(102)] ReadMemory ExceptionInformation failed
[0621/083216:WARNING:crash_report_exception_handler.cc(60)] ProcessSnapshotWin::InitializeException failed
[0621/083216:ERROR:scoped_process_suspend.cc(38)] NtResumeProcess, ntstatus=-1073741558
[0621/084006:ERROR:scoped_process_suspend.cc(29)] NtSuspendProcess, ntstatus=-1073741558
[0621/084006:ERROR:process_info.cc(103)] ReadProcessMemory bool __cdecl crashpad::`anonymous-namespace'::ReadStruct<struct crashpad::process_types::PEB<struct crashpad::process_types::internal::Traits32>>(void *,unsigned __int64,struct crashpad::process_types::PEB<struct crashpad::process_types::internal::Traits32> *): Only part of a ReadProcessMemory or WriteProcessMemory request was completed. (0x12B)
[0621/084006:ERROR:process_info.cc(542)] ReadProcessData failed
[0621/084006:ERROR:process_info.cc(608)] range at 0x0, size 0x230 fully unreadable
[0621/084006:ERROR:process_reader_win.cc(232)] ReadMemory at 0x0 of 560 bytes failed: Only part of a ReadProcessMemory or WriteProcessMemory request was completed. (0x12B)
[0621/084006:ERROR:process_snapshot_win.cc(349)] ReadMemory PEB
[0621/084006:ERROR:process_reader_win.cc(232)] ReadMemory at 0x77ad5120 of 5888 bytes failed: Only part of a ReadProcessMemory or WriteProcessMemory request was completed. (0x12B)
[0621/084006:ERROR:process_reader_win.cc(98)] process 7008 not found
[0621/084006:ERROR:process_reader_win.cc(232)] ReadMemory at 0x143c374 of 12 bytes failed: Only part of a ReadProcessMemory or WriteProcessMemory request was completed. (0x12B)
[0621/084006:WARNING:process_snapshot_win.cc(102)] ReadMemory ExceptionInformation failed
[0621/084006:WARNING:crash_report_exception_handler.cc(60)] ProcessSnapshotWin::InitializeException failed
[0621/084006:ERROR:scoped_process_suspend.cc(38)] NtResumeProcess, ntstatus=-1073741558
